<?xml version="1.0" encoding="UTF-8"?>
<testsuite name="ru.pozhidaev.mockframework.StaticSystemMockTest" tests="2" skipped="2" failures="0" errors="0" timestamp="2026-03-10T15:49:02.484Z" hostname="MacBook-Air--pozhidaev.local" time="0.0">
  <properties/>
  <testcase name="shouldReturnStubbedCurrentTimeMillis()" classname="ru.pozhidaev.mockframework.StaticSystemMockTest" time="0.0">
    <skipped/>
  </testcase>
  <testcase name="shouldKeepStaticMockInCurrentThreadOnly()" classname="ru.pozhidaev.mockframework.StaticSystemMockTest" time="0.0">
    <skipped/>
  </testcase>
  <system-out><![CDATA[]]></system-out>
  <system-err><![CDATA[]]></system-err>
</testsuite>
