<?xml version="1.0" encoding="UTF-8"?>
<testsuite name="ru.pozhidaev.mockframework.StaticMockCoreTest" tests="2" skipped="0" failures="0" errors="0" timestamp="2026-03-10T15:49:02.461Z" hostname="MacBook-Air--pozhidaev.local" time="0.013">
  <properties/>
  <testcase name="shouldKeepStaticMockInCurrentThreadOnly()" classname="ru.pozhidaev.mockframework.StaticMockCoreTest" time="0.012"/>
  <testcase name="shouldReturnStubbedStaticValueAndRestoreAfterClose()" classname="ru.pozhidaev.mockframework.StaticMockCoreTest" time="0.001"/>
  <system-out><![CDATA[]]></system-out>
  <system-err><![CDATA[]]></system-err>
</testsuite>
